<?xml version="1.0" encoding="UTF-8"?>
<testsuite xmlns:xsi="http://www.w3.org/2001/XMLSchema-instance" xsi:noNamespaceSchemaLocation="https://maven.apache.org/surefire/maven-surefire-plugin/xsd/surefire-test-report-3.0.xsd" version="3.0" name="A3.GameTest" time="0.237" tests="63" errors="0" skipped="0" failures="0">
  <properties>
[...]
</properties>
  <testcase name="RESP07_test_01" classname="A3.GameTest" time="0.036">
    <system-out><![CDATA[It is now P1's turn.
Hand: []
P1 Draws the card: Queen's Favor
P1's turn has ended.
Press <return> to end and pass your turn.


















































]]></system-out>
  </testcase>
  <testcase name="RESP07_test_02" classname="A3.GameTest" time="0.004">
    <system-out><![CDATA[It is now P1's turn.
Hand: []
P1 Draws the card: Prosperity
P1 draws 2
P2 draws 2
P3 draws 2
P4 draws 2
P1's turn has ended.
Press <return> to end and pass your turn.


















































]]></system-out>
  </testcase>
  <testcase name="RESP22_test_01" classname="A3.GameTest" time="0.008"/>
  <testcase name="RESP12_test_01" classname="A3.GameTest" time="0.009"/>
  <testcase name="RESP12_test_02" classname="A3.GameTest" time="0.003"/>
  <testcase name="RESP02_test_01" classname="A3.GameTest" time="0.002"/>
  <testcase name="RESP02_test_02" classname="A3.GameTest" time="0.0"/>
  <testcase name="RESP02_test_03" classname="A3.GameTest" time="0.003"/>
  <testcase name="A_TEST_JP_scenario" classname="A3.GameTest" time="0.02"/>
  <testcase name="RESP19_test_01" classname="A3.GameTest" time="0.002"/>
  <testcase name="RESP19_test_02" classname="A3.GameTest" time="0.002"/>
  <testcase name="RESP19_test_03" classname="A3.GameTest" time="0.002"/>
  <testcase name="RESP09_test_01" classname="A3.GameTest" time="0.001"/>
  <testcase name="RESP09_test_02" classname="A3.GameTest" time="0.001"/>
  <testcase name="RESP09_test_03" classname="A3.GameTest" time="0.003"/>
  <testcase name="RESP09_test_04" classname="A3.GameTest" time="0.003"/>
  <testcase name="RESP24_test_01" classname="A3.GameTest" time="0.001"/>
  <testcase name="RESP24_test_02" classname="A3.GameTest" time="0.002"/>
  <testcase name="RESP24_test_03" classname="A3.GameTest" time="0.002"/>
  <testcase name="RESP14_test_01" classname="A3.GameTest" time="0.002"/>
  <testcase name="RESP14_test_02" classname="A3.GameTest" time="0.002"/>
  <testcase name="RESP04_test_01" classname="A3.GameTest" time="0.001"/>
  <testcase name="RESP26_test_01" classname="A3.GameTest" time="0.002"/>
  <testcase name="RESP26_test_02" classname="A3.GameTest" time="0.002"/>
  <testcase name="RESP16_test_01" classname="A3.GameTest" time="0.002"/>
  <testcase name="RESP16_test_02" classname="A3.GameTest" time="0.001"/>
  <testcase name="RESP06_test_01" classname="A3.GameTest" time="0.001"/>
  <testcase name="RESP06_test_02" classname="A3.GameTest" time="0.001"/>
  <testcase name="RESP21_test_01" classname="A3.GameTest" time="0.003"/>
  <testcase name="RESP21_test_02" classname="A3.GameTest" time="0.002"/>
  <testcase name="RESP11_test_01" classname="A3.GameTest" time="0.002"/>
  <testcase name="RESP28_test_01" classname="A3.GameTest" time="0.003"/>
  <testcase name="RESP28_test_02" classname="A3.GameTest" time="0.004"/>
  <testcase name="RESP01_test_01" classname="A3.GameTest" time="0.001"/>
  <testcase name="RESP01_test_02" classname="A3.GameTest" time="0.001"/>
  <testcase name="RESP01_test_03" classname="A3.GameTest" time="0.0"/>
  <testcase name="RESP18_test_01" classname="A3.GameTest" time="0.001"/>
  <testcase name="RESP18_test_02" classname="A3.GameTest" time="0.002"/>
  <testcase name="RESP18_test_03" classname="A3.GameTest" time="0.001"/>
  <testcase name="RESP18_test_04" classname="A3.GameTest" time="0.0"/>
  <testcase name="RESP18_test_05" classname="A3.GameTest" time="0.002"/>
  <testcase name="RESP08_test_01" classname="A3.GameTest" time="0.002"/>
  <testcase name="RESP08_test_02" classname="A3.GameTest" time="0.002"/>
  <testcase name="RESP23_test_01" classname="A3.GameTest" time="0.001"/>
  <testcase name="RESP23_test_02" classname="A3.GameTest" time="0.001"/>
  <testcase name="RESP23_test_03" classname="A3.GameTest" time="0.001"/>
  <testcase name="RESP13_test_01" classname="A3.GameTest" time="0.003"/>
  <testcase name="RESP13_test_02" classname="A3.GameTest" time="0.001"/>
  <testcase name="RESP03_test_01" classname="A3.GameTest" time="0.002"/>
  <testcase name="RESP03_test_02" classname="A3.GameTest" time="0.001"/>
  <testcase name="RESP25_test_01" classname="A3.GameTest" time="0.001"/>
  <testcase name="RESP25_test_02" classname="A3.GameTest" time="0.001"/>
  <testcase name="RESP15_test_01" classname="A3.GameTest" time="0.001"/>
  <testcase name="RESP15_test_02" classname="A3.GameTest" time="0.001"/>
  <testcase name="RESP05_test_01" classname="A3.GameTest" time="0.001"/>
  <testcase name="RESP05_test_02" classname="A3.GameTest" time="0.001"/>
  <testcase name="RESP20_test_01" classname="A3.GameTest" time="0.002"/>
  <testcase name="RESP20_test_02" classname="A3.GameTest" time="0.001"/>
  <testcase name="RESP10_test_01" classname="A3.GameTest" time="0.0"/>
  <testcase name="RESP10_test_02" classname="A3.GameTest" time="0.0"/>
  <testcase name="RESP27_test_01" classname="A3.GameTest" time="0.0"/>
  <testcase name="RESP27_test_02" classname="A3.GameTest" time="0.001"/>
  <testcase name="RESP17_test_01" classname="A3.GameTest" time="0.001"/>
</testsuite>